<?xml version="1.0" encoding="UTF-8"?>
<!-- Generated by org.testng.reporters.JUnitXMLReporter -->
<testsuite ignored="0" hostname="affbccbceaacdeda305230481baaaccbaafebfaone-0" failures="0" tests="3" name="Surefire test" time="32.354" errors="0" timestamp="2023-09-19T06:32:03 UTC">
  <testcase classname="runner.Testcase1" name="TC_001" time="6.559"/>
  <testcase classname="runner.Testcase1" name="TC_002" time="8.974"/>
  <testcase classname="runner.Testcase1" name="TC_003" time="8.722"/>
</testsuite> <!-- Surefire test -->
